<?xml version="1.0" encoding="UTF-8"?>
<testsuite xmlns:xsi="http://www.w3.org/2001/XMLSchema-instance" xsi:noNamespaceSchemaLocation="https://maven.apache.org/surefire/maven-surefire-plugin/xsd/surefire-test-report-3.0.xsd" version="3.0" name="com.example.expensemanager.ExpenseManagerApplicationTest" time="1.826" tests="1" errors="0" skipped="0" failures="0">
  <properties>
[...]
</properties>
  <testcase name="contextLoads" classname="com.example.expensemanager.ExpenseManagerApplicationTest" time="0.003">
    <system-out><![CDATA[2026-01-25T23:33:14.863+08:00  INFO 66539 --- [           main] t.c.s.AnnotationConfigContextLoaderUtils : Could not detect default configuration classes for test class [com.example.expensemanager.ExpenseManagerApplicationTest]: ExpenseManagerApplicationTest does not declare any static, non-private, non-final, nested classes annotated with @Configuration.
2026-01-25T23:33:14.870+08:00  INFO 66539 --- [           main] .b.t.c.SpringBootTestContextBootstrapper : Found @SpringBootConfiguration com.example.expensemanager.ExpenseManagerApplication for test class com.example.expensemanager.ExpenseManagerApplicationTest
  .   ____          _            __ _ _
 /\\ / ___'_ __ _ _(_)_ __  __ _ \ \ \ \
( ( )\___ | '_ | '_| | '_ \/ _` | \ \ \ \
 \\/  ___)| |_)| | | | | || (_| |  ) ) ) )
  '  |____| .__|_| |_|_| |_\__, | / / / /
 =========|_|==============|___/=/_/_/_/

 :: Spring Boot ::                (v3.3.0)

2026-01-25T23:33:14.906+08:00  INFO 66539 --- [           main] c.e.e.ExpenseManagerApplicationTest      : Starting ExpenseManagerApplicationTest using Java 21.0.2 with PID 66539 (started by ai in /Users/ai/Documents/sourceCode/expenseManager/backend)
2026-01-25T23:33:14.906+08:00  INFO 66539 --- [           main] c.e.e.ExpenseManagerApplicationTest      : No active profile set, falling back to 1 default profile: "default"
2026-01-25T23:33:15.360+08:00  INFO 66539 --- [           main] .s.d.r.c.RepositoryConfigurationDelegate : Bootstrapping Spring Data JPA repositories in DEFAULT mode.
2026-01-25T23:33:15.370+08:00  INFO 66539 --- [           main] .s.d.r.c.RepositoryConfigurationDelegate : Finished Spring Data repository scanning in 10 ms. Found 4 JPA repository interfaces.
2026-01-25T23:33:15.589+08:00  INFO 66539 --- [           main] o.hibernate.jpa.internal.util.LogHelper  : HHH000204: Processing PersistenceUnitInfo [name: default]
2026-01-25T23:33:15.591+08:00  INFO 66539 --- [           main] o.h.c.internal.RegionFactoryInitiator    : HHH000026: Second-level cache disabled
2026-01-25T23:33:15.596+08:00  INFO 66539 --- [           main] o.s.o.j.p.SpringPersistenceUnitInfo      : No LoadTimeWeaver setup: ignoring JPA class transformer
2026-01-25T23:33:15.598+08:00  INFO 66539 --- [           main] com.zaxxer.hikari.HikariDataSource       : HikariPool-1 - Starting...
2026-01-25T23:33:15.608+08:00  INFO 66539 --- [           main] com.zaxxer.hikari.pool.HikariPool        : HikariPool-1 - Added connection conn21: url=jdbc:h2:mem:expensedb user=SA
2026-01-25T23:33:15.610+08:00  INFO 66539 --- [           main] com.zaxxer.hikari.HikariDataSource       : HikariPool-1 - Start completed.
2026-01-25T23:33:15.692+08:00  INFO 66539 --- [           main] o.h.e.t.j.p.i.JtaPlatformInitiator       : HHH000489: No JTA platform available (set 'hibernate.transaction.jta.platform' to enable JTA platform integration)
Hibernate: drop table if exists budgets cascade 
Hibernate: drop table if exists categories cascade 
Hibernate: drop table if exists expenses cascade 
Hibernate: drop table if exists users cascade 
Hibernate: create table budgets (budget_month integer not null, budget_year integer not null, limit_amount numeric(38,2) not null, category_id bigint, id bigint generated by default as identity, user_id bigint not null, primary key (id))
Hibernate: create table categories (id bigint generated by default as identity, user_id bigint not null, color varchar(255), name varchar(255) not null, primary key (id))
Hibernate: create table expenses (amount numeric(38,2) not null, expense_date date not null, original_amount numeric(38,2), original_currency varchar(3), recurring boolean, category_id bigint, id bigint generated by default as identity, user_id bigint not null, description varchar(255), primary key (id))
Hibernate: create table users (base_currency varchar(3), id bigint generated by default as identity, email varchar(255) not null unique, full_name varchar(255) not null, password_hash varchar(255) not null, primary key (id))
Hibernate: alter table if exists budgets add constraint FKn7qib00712y8dwelmqfwis6ka foreign key (category_id) references categories
Hibernate: alter table if exists budgets add constraint FKln0tm5tgf3f9q3sp9sa5m8m7b foreign key (user_id) references users
Hibernate: alter table if exists categories add constraint FKghuylkwuedgl2qahxjt8g41kb foreign key (user_id) references users
Hibernate: alter table if exists expenses add constraint FKjao23ohq935a4qrorwwsen0lr foreign key (category_id) references categories
Hibernate: alter table if exists expenses add constraint FKhpk0n2cbnfiuu5nrgl0ika3hq foreign key (user_id) references users
2026-01-25T23:33:15.700+08:00  INFO 66539 --- [           main] j.LocalContainerEntityManagerFactoryBean : Initialized JPA EntityManagerFactory for persistence unit 'default'
2026-01-25T23:33:15.771+08:00  INFO 66539 --- [           main] r$InitializeUserDetailsManagerConfigurer : Global AuthenticationManager configured with UserDetailsService bean with name userDetailsServiceImpl
2026-01-25T23:33:15.958+08:00  WARN 66539 --- [           main] JpaBaseConfiguration$JpaWebConfiguration : spring.jpa.open-in-view is enabled by default. Therefore, database queries may be performed during view rendering. Explicitly configure spring.jpa.open-in-view to disable this warning
2026-01-25T23:33:16.275+08:00  INFO 66539 --- [           main] o.s.s.web.DefaultSecurityFilterChain     : Will secure any request with [org.springframework.security.web.session.DisableEncodeUrlFilter@32d3bc83, org.springframework.security.web.context.request.async.WebAsyncManagerIntegrationFilter@7ef59e5d, org.springframework.security.web.context.SecurityContextHolderFilter@69e4e90b, org.springframework.security.web.header.HeaderWriterFilter@fcaf12a, org.springframework.web.filter.CorsFilter@70b9cdcc, org.springframework.security.web.authentication.logout.LogoutFilter@61b2ca5a, com.example.expensemanager.config.JwtAuthenticationFilter@57202722, org.springframework.security.web.savedrequest.RequestCacheAwareFilter@7231547f, org.springframework.security.web.servletapi.SecurityContextHolderAwareRequestFilter@6f334ec2, org.springframework.security.web.authentication.AnonymousAuthenticationFilter@5b4e1899, org.springframework.security.web.session.SessionManagementFilter@250284ae, org.springframework.security.web.access.ExceptionTranslationFilter@3c1ca89c, org.springframework.security.web.access.intercept.AuthorizationFilter@281c8eda]
2026-01-25T23:33:16.580+08:00  INFO 66539 --- [           main] o.s.b.a.h2.H2ConsoleAutoConfiguration    : H2 console available at '/h2-console'. Database available at 'jdbc:h2:mem:expensedb'
2026-01-25T23:33:16.671+08:00  INFO 66539 --- [           main] c.e.e.ExpenseManagerApplicationTest      : Started ExpenseManagerApplicationTest in 1.789 seconds (process running for 7.558)
]]></system-out>
  </testcase>
</testsuite>