{"/Users/ai/Documents/sourceCode/expenseManager/frontend/src/contexts/AuthContext.tsx": {"path":"/Users/ai/Documents/sourceCode/expenseManager/frontend/src/contexts/AuthContext.tsx","statementMap":{"0":{"start":{"line":21,"column":6},"end":{"line":21,"column":null}},"1":{"start":{"line":23,"column":23},"end":{"line":29,"column":null}},"2":{"start":{"line":24,"column":8},"end":{"line":24,"column":null}},"3":{"start":{"line":25,"column":2},"end":{"line":27,"column":null}},"4":{"start":{"line":26,"column":4},"end":{"line":26,"column":null}},"5":{"start":{"line":28,"column":2},"end":{"line":28,"column":null}},"6":{"start":{"line":35,"column":57},"end":{"line":102,"column":null}},"7":{"start":{"line":36,"column":22},"end":{"line":36,"column":null}},"8":{"start":{"line":37,"column":28},"end":{"line":37,"column":null}},"9":{"start":{"line":39,"column":2},"end":{"line":55,"column":null}},"10":{"start":{"line":41,"column":18},"end":{"line":41,"column":null}},"11":{"start":{"line":42,"column":22},"end":{"line":42,"column":null}},"12":{"start":{"line":44,"column":4},"end":{"line":52,"column":null}},"13":{"start":{"line":45,"column":6},"end":{"line":51,"column":null}},"14":{"start":{"line":46,"column":8},"end":{"line":46,"column":null}},"15":{"start":{"line":49,"column":8},"end":{"line":49,"column":null}},"16":{"start":{"line":50,"column":8},"end":{"line":50,"column":null}},"17":{"start":{"line":54,"column":4},"end":{"line":54,"column":null}},"18":{"start":{"line":57,"column":22},"end":{"line":65,"column":null}},"19":{"start":{"line":58,"column":35},"end":{"line":58,"column":null}},"20":{"start":{"line":60,"column":21},"end":{"line":60,"column":null}},"21":{"start":{"line":61,"column":4},"end":{"line":61,"column":null}},"22":{"start":{"line":63,"column":4},"end":{"line":63,"column":null}},"23":{"start":{"line":64,"column":4},"end":{"line":64,"column":null}},"24":{"start":{"line":67,"column":25},"end":{"line":75,"column":null}},"25":{"start":{"line":68,"column":35},"end":{"line":68,"column":null}},"26":{"start":{"line":70,"column":21},"end":{"line":70,"column":null}},"27":{"start":{"line":71,"column":4},"end":{"line":71,"column":null}},"28":{"start":{"line":73,"column":4},"end":{"line":73,"column":null}},"29":{"start":{"line":74,"column":4},"end":{"line":74,"column":null}},"30":{"start":{"line":77,"column":23},"end":{"line":81,"column":null}},"31":{"start":{"line":78,"column":4},"end":{"line":78,"column":null}},"32":{"start":{"line":79,"column":4},"end":{"line":79,"column":null}},"33":{"start":{"line":80,"column":4},"end":{"line":80,"column":null}},"34":{"start":{"line":83,"column":29},"end":{"line":89,"column":null}},"35":{"start":{"line":84,"column":4},"end":{"line":88,"column":null}},"36":{"start":{"line":85,"column":26},"end":{"line":85,"column":null}},"37":{"start":{"line":86,"column":6},"end":{"line":86,"column":null}},"38":{"start":{"line":87,"column":6},"end":{"line":87,"column":null}},"39":{"start":{"line":91,"column":33},"end":{"line":99,"column":null}},"40":{"start":{"line":101,"column":2},"end":{"line":101,"column":null}}},"fnMap":{"0":{"name":"(anonymous_0)","decl":{"start":{"line":23,"column":23},"end":{"line":23,"column":29}},"loc":{"start":{"line":23,"column":29},"end":{"line":29,"column":null}},"line":23},"1":{"name":"(anonymous_1)","decl":{"start":{"line":35,"column":57},"end":{"line":35,"column":58}},"loc":{"start":{"line":35,"column":75},"end":{"line":102,"column":null}},"line":35},"2":{"name":"(anonymous_2)","decl":{"start":{"line":39,"column":12},"end":{"line":39,"column":18}},"loc":{"start":{"line":39,"column":18},"end":{"line":55,"column":5}},"line":39},"3":{"name":"(anonymous_3)","decl":{"start":{"line":57,"column":22},"end":{"line":57,"column":29}},"loc":{"start":{"line":57,"column":65},"end":{"line":65,"column":null}},"line":57},"4":{"name":"(anonymous_4)","decl":{"start":{"line":67,"column":25},"end":{"line":67,"column":32}},"loc":{"start":{"line":67,"column":86},"end":{"line":75,"column":null}},"line":67},"5":{"name":"(anonymous_5)","decl":{"start":{"line":77,"column":23},"end":{"line":77,"column":29}},"loc":{"start":{"line":77,"column":29},"end":{"line":81,"column":null}},"line":77},"6":{"name":"(anonymous_6)","decl":{"start":{"line":83,"column":29},"end":{"line":83,"column":30}},"loc":{"start":{"line":83,"column":55},"end":{"line":89,"column":null}},"line":83}},"branchMap":{"0":{"loc":{"start":{"line":25,"column":2},"end":{"line":27,"column":null}},"type":"if","locations":[{"start":{"line":25,"column":2},"end":{"line":27,"column":null}},{"start":{},"end":{}}],"line":25},"1":{"loc":{"start":{"line":44,"column":4},"end":{"line":52,"column":null}},"type":"if","locations":[{"start":{"line":44,"column":4},"end":{"line":52,"column":null}},{"start":{},"end":{}}],"line":44},"2":{"loc":{"start":{"line":44,"column":8},"end":{"line":44,"column":28}},"type":"binary-expr","locations":[{"start":{"line":44,"column":8},"end":{"line":44,"column":17}},{"start":{"line":44,"column":17},"end":{"line":44,"column":28}}],"line":44},"3":{"loc":{"start":{"line":84,"column":4},"end":{"line":88,"column":null}},"type":"if","locations":[{"start":{"line":84,"column":4},"end":{"line":88,"column":null}},{"start":{},"end":{}}],"line":84}},"s":{"0":5,"1":5,"2":60,"3":60,"4":4,"5":56,"6":5,"7":73,"8":73,"9":73,"10":33,"11":33,"12":33,"13":4,"14":4,"15":1,"16":1,"17":33,"18":73,"19":1,"20":1,"21":1,"22":1,"23":1,"24":73,"25":1,"26":1,"27":1,"28":1,"29":1,"30":73,"31":1,"32":1,"33":1,"34":73,"35":1,"36":1,"37":1,"38":1,"39":73,"40":73},"f":{"0":60,"1":73,"2":33,"3":1,"4":1,"5":1,"6":1},"b":{"0":[4,56],"1":[4,29],"2":[33,4],"3":[1,0]},"meta":{"lastBranch":4,"lastFunction":7,"lastStatement":41,"seen":{"s:21:6:21:Infinity":0,"s:23:23:29:Infinity":1,"f:23:23:23:29":0,"s:24:8:24:Infinity":2,"b:25:2:27:Infinity:undefined:undefined:undefined:undefined":0,"s:25:2:27:Infinity":3,"s:26:4:26:Infinity":4,"s:28:2:28:Infinity":5,"s:35:57:102:Infinity":6,"f:35:57:35:58":1,"s:36:22:36:Infinity":7,"s:37:28:37:Infinity":8,"s:39:2:55:Infinity":9,"f:39:12:39:18":2,"s:41:18:41:Infinity":10,"s:42:22:42:Infinity":11,"b:44:4:52:Infinity:undefined:undefined:undefined:undefined":1,"s:44:4:52:Infinity":12,"b:44:8:44:17:44:17:44:28":2,"s:45:6:51:Infinity":13,"s:46:8:46:Infinity":14,"s:49:8:49:Infinity":15,"s:50:8:50:Infinity":16,"s:54:4:54:Infinity":17,"s:57:22:65:Infinity":18,"f:57:22:57:29":3,"s:58:35:58:Infinity":19,"s:60:21:60:Infinity":20,"s:61:4:61:Infinity":21,"s:63:4:63:Infinity":22,"s:64:4:64:Infinity":23,"s:67:25:75:Infinity":24,"f:67:25:67:32":4,"s:68:35:68:Infinity":25,"s:70:21:70:Infinity":26,"s:71:4:71:Infinity":27,"s:73:4:73:Infinity":28,"s:74:4:74:Infinity":29,"s:77:23:81:Infinity":30,"f:77:23:77:29":5,"s:78:4:78:Infinity":31,"s:79:4:79:Infinity":32,"s:80:4:80:Infinity":33,"s:83:29:89:Infinity":34,"f:83:29:83:30":6,"b:84:4:88:Infinity:undefined:undefined:undefined:undefined":3,"s:84:4:88:Infinity":35,"s:85:26:85:Infinity":36,"s:86:6:86:Infinity":37,"s:87:6:87:Infinity":38,"s:91:33:99:Infinity":39,"s:101:2:101:Infinity":40}}}
,"/Users/ai/Documents/sourceCode/expenseManager/frontend/src/contexts/CurrencyContext.tsx": {"path":"/Users/ai/Documents/sourceCode/expenseManager/frontend/src/contexts/CurrencyContext.tsx","statementMap":{"0":{"start":{"line":9,"column":38},"end":{"line":22,"column":null}},"1":{"start":{"line":30,"column":6},"end":{"line":30,"column":null}},"2":{"start":{"line":33,"column":35},"end":{"line":44,"column":null}},"3":{"start":{"line":35,"column":18},"end":{"line":35,"column":null}},"4":{"start":{"line":36,"column":4},"end":{"line":42,"column":null}},"5":{"start":{"line":37,"column":6},"end":{"line":41,"column":null}},"6":{"start":{"line":38,"column":8},"end":{"line":38,"column":null}},"7":{"start":{"line":40,"column":8},"end":{"line":40,"column":null}},"8":{"start":{"line":40,"column":36},"end":{"line":40,"column":52}},"9":{"start":{"line":43,"column":4},"end":{"line":43,"column":null}},"10":{"start":{"line":43,"column":32},"end":{"line":43,"column":48}},"11":{"start":{"line":46,"column":2},"end":{"line":48,"column":null}},"12":{"start":{"line":47,"column":4},"end":{"line":47,"column":null}},"13":{"start":{"line":50,"column":23},"end":{"line":52,"column":null}},"14":{"start":{"line":51,"column":4},"end":{"line":51,"column":null}},"15":{"start":{"line":54,"column":22},"end":{"line":56,"column":null}},"16":{"start":{"line":55,"column":4},"end":{"line":55,"column":null}},"17":{"start":{"line":58,"column":2},"end":{"line":61,"column":null}},"18":{"start":{"line":66,"column":8},"end":{"line":66,"column":null}},"19":{"start":{"line":67,"column":2},"end":{"line":69,"column":null}},"20":{"start":{"line":68,"column":4},"end":{"line":68,"column":null}},"21":{"start":{"line":70,"column":2},"end":{"line":70,"column":null}}},"fnMap":{"0":{"name":"CurrencyProvider","decl":{"start":{"line":32,"column":16},"end":{"line":32,"column":33}},"loc":{"start":{"line":32,"column":72},"end":{"line":63,"column":null}},"line":32},"1":{"name":"(anonymous_1)","decl":{"start":{"line":33,"column":58},"end":{"line":33,"column":64}},"loc":{"start":{"line":33,"column":64},"end":{"line":44,"column":3}},"line":33},"2":{"name":"(anonymous_2)","decl":{"start":{"line":40,"column":31},"end":{"line":40,"column":36}},"loc":{"start":{"line":40,"column":36},"end":{"line":40,"column":52}},"line":40},"3":{"name":"(anonymous_3)","decl":{"start":{"line":43,"column":27},"end":{"line":43,"column":32}},"loc":{"start":{"line":43,"column":32},"end":{"line":43,"column":48}},"line":43},"4":{"name":"(anonymous_4)","decl":{"start":{"line":46,"column":12},"end":{"line":46,"column":18}},"loc":{"start":{"line":46,"column":18},"end":{"line":48,"column":5}},"line":46},"5":{"name":"(anonymous_5)","decl":{"start":{"line":50,"column":23},"end":{"line":50,"column":24}},"loc":{"start":{"line":50,"column":51},"end":{"line":52,"column":null}},"line":50},"6":{"name":"(anonymous_6)","decl":{"start":{"line":54,"column":22},"end":{"line":54,"column":23}},"loc":{"start":{"line":54,"column":49},"end":{"line":56,"column":null}},"line":54},"7":{"name":"useCurrency","decl":{"start":{"line":65,"column":16},"end":{"line":65,"column":30}},"loc":{"start":{"line":65,"column":30},"end":{"line":71,"column":null}},"line":65}},"branchMap":{"0":{"loc":{"start":{"line":36,"column":4},"end":{"line":42,"column":null}},"type":"if","locations":[{"start":{"line":36,"column":4},"end":{"line":42,"column":null}},{"start":{},"end":{}}],"line":36},"1":{"loc":{"start":{"line":40,"column":15},"end":{"line":40,"column":null}},"type":"binary-expr","locations":[{"start":{"line":40,"column":15},"end":{"line":40,"column":57}},{"start":{"line":40,"column":57},"end":{"line":40,"column":null}}],"line":40},"2":{"loc":{"start":{"line":43,"column":11},"end":{"line":43,"column":null}},"type":"binary-expr","locations":[{"start":{"line":43,"column":11},"end":{"line":43,"column":53}},{"start":{"line":43,"column":53},"end":{"line":43,"column":null}}],"line":43},"3":{"loc":{"start":{"line":67,"column":2},"end":{"line":69,"column":null}},"type":"if","locations":[{"start":{"line":67,"column":2},"end":{"line":69,"column":null}},{"start":{},"end":{}}],"line":67}},"s":{"0":4,"1":4,"2":34,"3":31,"4":31,"5":9,"6":9,"7":0,"8":0,"9":22,"10":88,"11":34,"12":33,"13":34,"14":64,"15":34,"16":2,"17":34,"18":80,"19":80,"20":4,"21":74},"f":{"0":34,"1":31,"2":0,"3":88,"4":33,"5":64,"6":2,"7":80},"b":{"0":[9,22],"1":[0,0],"2":[22,0],"3":[4,76]},"meta":{"lastBranch":4,"lastFunction":8,"lastStatement":22,"seen":{"s:9:38:22:Infinity":0,"s:30:6:30:Infinity":1,"f:32:16:32:33":0,"s:33:35:44:Infinity":2,"f:33:58:33:64":1,"s:35:18:35:Infinity":3,"b:36:4:42:Infinity:undefined:undefined:undefined:undefined":0,"s:36:4:42:Infinity":4,"s:37:6:41:Infinity":5,"s:38:8:38:Infinity":6,"s:40:8:40:Infinity":7,"b:40:15:40:57:40:57:40:Infinity":1,"f:40:31:40:36":2,"s:40:36:40:52":8,"s:43:4:43:Infinity":9,"b:43:11:43:53:43:53:43:Infinity":2,"f:43:27:43:32":3,"s:43:32:43:48":10,"s:46:2:48:Infinity":11,"f:46:12:46:18":4,"s:47:4:47:Infinity":12,"s:50:23:52:Infinity":13,"f:50:23:50:24":5,"s:51:4:51:Infinity":14,"s:54:22:56:Infinity":15,"f:54:22:54:23":6,"s:55:4:55:Infinity":16,"s:58:2:61:Infinity":17,"f:65:16:65:30":7,"s:66:8:66:Infinity":18,"b:67:2:69:Infinity:undefined:undefined:undefined:undefined":3,"s:67:2:69:Infinity":19,"s:68:4:68:Infinity":20,"s:70:2:70:Infinity":21}}}
,"/Users/ai/Documents/sourceCode/expenseManager/frontend/src/pages/DashboardPage.tsx": {"path":"/Users/ai/Documents/sourceCode/expenseManager/frontend/src/pages/DashboardPage.tsx","statementMap":{"0":{"start":{"line":11,"column":23},"end":{"line":11,"column":null}},"1":{"start":{"line":12,"column":28},"end":{"line":12,"column":null}},"2":{"start":{"line":13,"column":28},"end":{"line":13,"column":null}},"3":{"start":{"line":14,"column":14},"end":{"line":14,"column":null}},"4":{"start":{"line":15,"column":22},"end":{"line":15,"column":null}},"5":{"start":{"line":16,"column":23},"end":{"line":16,"column":null}},"6":{"start":{"line":18,"column":2},"end":{"line":21,"column":null}},"7":{"start":{"line":19,"column":4},"end":{"line":19,"column":null}},"8":{"start":{"line":20,"column":4},"end":{"line":20,"column":null}},"9":{"start":{"line":23,"column":30},"end":{"line":27,"column":null}},"10":{"start":{"line":24,"column":4},"end":{"line":24,"column":null}},"11":{"start":{"line":24,"column":28},"end":{"line":24,"column":null}},"12":{"start":{"line":25,"column":4},"end":{"line":25,"column":null}},"13":{"start":{"line":25,"column":27},"end":{"line":25,"column":null}},"14":{"start":{"line":26,"column":4},"end":{"line":26,"column":null}},"15":{"start":{"line":29,"column":2},"end":{"line":110,"column":null}},"16":{"start":{"line":42,"column":16},"end":{"line":48,"column":null}},"17":{"start":{"line":62,"column":14},"end":{"line":105,"column":null}}},"fnMap":{"0":{"name":"DashboardPage","decl":{"start":{"line":10,"column":9},"end":{"line":10,"column":25}},"loc":{"start":{"line":10,"column":25},"end":{"line":112,"column":null}},"line":10},"1":{"name":"(anonymous_1)","decl":{"start":{"line":18,"column":12},"end":{"line":18,"column":18}},"loc":{"start":{"line":18,"column":18},"end":{"line":21,"column":5}},"line":18},"2":{"name":"(anonymous_2)","decl":{"start":{"line":23,"column":30},"end":{"line":23,"column":31}},"loc":{"start":{"line":23,"column":55},"end":{"line":27,"column":null}},"line":23},"3":{"name":"(anonymous_3)","decl":{"start":{"line":41,"column":59},"end":{"line":41,"column":60}},"loc":{"start":{"line":42,"column":16},"end":{"line":48,"column":null}},"line":42},"4":{"name":"(anonymous_4)","decl":{"start":{"line":61,"column":25},"end":{"line":61,"column":26}},"loc":{"start":{"line":62,"column":14},"end":{"line":105,"column":null}},"line":62}},"branchMap":{"0":{"loc":{"start":{"line":24,"column":4},"end":{"line":24,"column":null}},"type":"if","locations":[{"start":{"line":24,"column":4},"end":{"line":24,"column":null}},{"start":{},"end":{}}],"line":24},"1":{"loc":{"start":{"line":25,"column":4},"end":{"line":25,"column":null}},"type":"if","locations":[{"start":{"line":25,"column":4},"end":{"line":25,"column":null}},{"start":{},"end":{}}],"line":25},"2":{"loc":{"start":{"line":32,"column":7},"end":{"line":54,"column":null}},"type":"cond-expr","locations":[{"start":{"line":33,"column":8},"end":{"line":52,"column":null}},{"start":{"line":54,"column":8},"end":{"line":54,"column":null}}],"line":32},"3":{"loc":{"start":{"line":57,"column":7},"end":{"line":108,"column":null}},"type":"binary-expr","locations":[{"start":{"line":57,"column":7},"end":{"line":57,"column":null}},{"start":{"line":58,"column":8},"end":{"line":108,"column":null}}],"line":57},"4":{"loc":{"start":{"line":67,"column":35},"end":{"line":67,"column":null}},"type":"cond-expr","locations":[{"start":{"line":67,"column":63},"end":{"line":67,"column":75}},{"start":{"line":67,"column":75},"end":{"line":67,"column":null}}],"line":67},"5":{"loc":{"start":{"line":69,"column":26},"end":{"line":69,"column":null}},"type":"cond-expr","locations":[{"start":{"line":69,"column":54},"end":{"line":69,"column":76}},{"start":{"line":69,"column":76},"end":{"line":69,"column":null}}],"line":69},"6":{"loc":{"start":{"line":74,"column":54},"end":{"line":74,"column":104}},"type":"cond-expr","locations":[{"start":{"line":74,"column":82},"end":{"line":74,"column":94}},{"start":{"line":74,"column":94},"end":{"line":74,"column":104}}],"line":74},"7":{"loc":{"start":{"line":100,"column":40},"end":{"line":100,"column":85}},"type":"cond-expr","locations":[{"start":{"line":100,"column":63},"end":{"line":100,"column":75}},{"start":{"line":100,"column":75},"end":{"line":100,"column":85}}],"line":100},"8":{"loc":{"start":{"line":101,"column":21},"end":{"line":101,"column":null}},"type":"cond-expr","locations":[{"start":{"line":101,"column":45},"end":{"line":101,"column":61}},{"start":{"line":101,"column":61},"end":{"line":101,"column":null}}],"line":101}},"s":{"0":18,"1":18,"2":18,"3":18,"4":18,"5":18,"6":18,"7":9,"8":9,"9":18,"10":10,"11":4,"12":6,"13":2,"14":4,"15":18,"16":4,"17":5},"f":{"0":18,"1":9,"2":10,"3":4,"4":5},"b":{"0":[4,6],"1":[2,4],"2":[8,10],"3":[18,5],"4":[2,3],"5":[2,3],"6":[2,3],"7":[2,3],"8":[3,2]},"meta":{"lastBranch":9,"lastFunction":5,"lastStatement":18,"seen":{"f:10:9:10:25":0,"s:11:23:11:Infinity":0,"s:12:28:12:Infinity":1,"s:13:28:13:Infinity":2,"s:14:14:14:Infinity":3,"s:15:22:15:Infinity":4,"s:16:23:16:Infinity":5,"s:18:2:21:Infinity":6,"f:18:12:18:18":1,"s:19:4:19:Infinity":7,"s:20:4:20:Infinity":8,"s:23:30:27:Infinity":9,"f:23:30:23:31":2,"b:24:4:24:Infinity:undefined:undefined:undefined:undefined":0,"s:24:4:24:Infinity":10,"s:24:28:24:Infinity":11,"b:25:4:25:Infinity:undefined:undefined:undefined:undefined":1,"s:25:4:25:Infinity":12,"s:25:27:25:Infinity":13,"s:26:4:26:Infinity":14,"s:29:2:110:Infinity":15,"b:33:8:52:Infinity:54:8:54:Infinity":2,"f:41:59:41:60":3,"s:42:16:48:Infinity":16,"b:57:7:57:Infinity:58:8:108:Infinity":3,"f:61:25:61:26":4,"s:62:14:105:Infinity":17,"b:67:63:67:75:67:75:67:Infinity":4,"b:69:54:69:76:69:76:69:Infinity":5,"b:74:82:74:94:74:94:74:104":6,"b:100:63:100:75:100:75:100:85":7,"b:101:45:101:61:101:61:101:Infinity":8}}}
,"/Users/ai/Documents/sourceCode/expenseManager/frontend/src/pages/LoginPage.tsx": {"path":"/Users/ai/Documents/sourceCode/expenseManager/frontend/src/pages/LoginPage.tsx","statementMap":{"0":{"start":{"line":5,"column":28},"end":{"line":120,"column":null}},"1":{"start":{"line":6,"column":24},"end":{"line":6,"column":null}},"2":{"start":{"line":7,"column":30},"end":{"line":7,"column":null}},"3":{"start":{"line":8,"column":24},"end":{"line":8,"column":null}},"4":{"start":{"line":9,"column":28},"end":{"line":9,"column":null}},"5":{"start":{"line":10,"column":16},"end":{"line":10,"column":null}},"6":{"start":{"line":11,"column":8},"end":{"line":11,"column":null}},"7":{"start":{"line":13,"column":23},"end":{"line":39,"column":null}},"8":{"start":{"line":14,"column":4},"end":{"line":14,"column":null}},"9":{"start":{"line":15,"column":4},"end":{"line":15,"column":null}},"10":{"start":{"line":16,"column":4},"end":{"line":16,"column":null}},"11":{"start":{"line":18,"column":4},"end":{"line":38,"column":null}},"12":{"start":{"line":19,"column":6},"end":{"line":19,"column":null}},"13":{"start":{"line":20,"column":6},"end":{"line":20,"column":null}},"14":{"start":{"line":22,"column":6},"end":{"line":35,"column":null}},"15":{"start":{"line":23,"column":26},"end":{"line":23,"column":null}},"16":{"start":{"line":24,"column":8},"end":{"line":28,"column":null}},"17":{"start":{"line":30,"column":8},"end":{"line":34,"column":null}},"18":{"start":{"line":37,"column":6},"end":{"line":37,"column":null}},"19":{"start":{"line":41,"column":2},"end":{"line":118,"column":null}},"20":{"start":{"line":67,"column":33},"end":{"line":67,"column":null}},"21":{"start":{"line":83,"column":33},"end":{"line":83,"column":null}},"22":{"start":{"line":95,"column":33},"end":{"line":95,"column":null}}},"fnMap":{"0":{"name":"(anonymous_0)","decl":{"start":{"line":5,"column":28},"end":{"line":5,"column":34}},"loc":{"start":{"line":5,"column":34},"end":{"line":120,"column":null}},"line":5},"1":{"name":"(anonymous_1)","decl":{"start":{"line":13,"column":23},"end":{"line":13,"column":30}},"loc":{"start":{"line":13,"column":53},"end":{"line":39,"column":null}},"line":13},"2":{"name":"(anonymous_2)","decl":{"start":{"line":67,"column":27},"end":{"line":67,"column":33}},"loc":{"start":{"line":67,"column":33},"end":{"line":67,"column":null}},"line":67},"3":{"name":"(anonymous_3)","decl":{"start":{"line":83,"column":26},"end":{"line":83,"column":27}},"loc":{"start":{"line":83,"column":33},"end":{"line":83,"column":null}},"line":83},"4":{"name":"(anonymous_4)","decl":{"start":{"line":95,"column":26},"end":{"line":95,"column":27}},"loc":{"start":{"line":95,"column":33},"end":{"line":95,"column":null}},"line":95}},"branchMap":{"0":{"loc":{"start":{"line":22,"column":6},"end":{"line":35,"column":null}},"type":"if","locations":[{"start":{"line":22,"column":6},"end":{"line":35,"column":null}},{"start":{"line":29,"column":13},"end":{"line":35,"column":null}}],"line":22},"1":{"loc":{"start":{"line":25,"column":16},"end":{"line":25,"column":null}},"type":"binary-expr","locations":[{"start":{"line":25,"column":16},"end":{"line":25,"column":35}},{"start":{"line":25,"column":35},"end":{"line":25,"column":null}}],"line":25},"2":{"loc":{"start":{"line":26,"column":19},"end":{"line":26,"column":null}},"type":"binary-expr","locations":[{"start":{"line":26,"column":19},"end":{"line":26,"column":40}},{"start":{"line":26,"column":40},"end":{"line":26,"column":null}}],"line":26},"3":{"loc":{"start":{"line":27,"column":16},"end":{"line":27,"column":null}},"type":"binary-expr","locations":[{"start":{"line":27,"column":16},"end":{"line":27,"column":34}},{"start":{"line":27,"column":34},"end":{"line":27,"column":null}}],"line":27},"4":{"loc":{"start":{"line":48,"column":13},"end":{"line":72,"column":null}},"type":"binary-expr","locations":[{"start":{"line":48,"column":13},"end":{"line":48,"column":null}},{"start":{"line":49,"column":14},"end":{"line":72,"column":null}}],"line":48},"5":{"loc":{"start":{"line":52,"column":21},"end":{"line":54,"column":null}},"type":"cond-expr","locations":[{"start":{"line":52,"column":55},"end":{"line":52,"column":null}},{"start":{"line":53,"column":21},"end":{"line":54,"column":null}}],"line":52},"6":{"loc":{"start":{"line":53,"column":21},"end":{"line":54,"column":null}},"type":"cond-expr","locations":[{"start":{"line":53,"column":57},"end":{"line":53,"column":null}},{"start":{"line":54,"column":21},"end":{"line":54,"column":null}}],"line":53},"7":{"loc":{"start":{"line":58,"column":17},"end":{"line":64,"column":null}},"type":"binary-expr","locations":[{"start":{"line":58,"column":17},"end":{"line":58,"column":null}},{"start":{"line":59,"column":18},"end":{"line":64,"column":null}}],"line":58},"8":{"loc":{"start":{"line":104,"column":15},"end":{"line":104,"column":null}},"type":"cond-expr","locations":[{"start":{"line":104,"column":25},"end":{"line":104,"column":43}},{"start":{"line":104,"column":43},"end":{"line":104,"column":null}}],"line":104}},"s":{"0":1,"1":12,"2":12,"3":12,"4":12,"5":12,"6":12,"7":12,"8":2,"9":2,"10":2,"11":2,"12":2,"13":1,"14":1,"15":1,"16":1,"17":0,"18":2,"19":12,"20":0,"21":2,"22":2},"f":{"0":12,"1":2,"2":0,"3":2,"4":2},"b":{"0":[1,0],"1":[1,0],"2":[1,0],"3":[1,0],"4":[12,1],"5":[0,1],"6":[0,1],"7":[1,0],"8":[2,10]},"meta":{"lastBranch":9,"lastFunction":5,"lastStatement":23,"seen":{"s:5:28:120:Infinity":0,"f:5:28:5:34":0,"s:6:24:6:Infinity":1,"s:7:30:7:Infinity":2,"s:8:24:8:Infinity":3,"s:9:28:9:Infinity":4,"s:10:16:10:Infinity":5,"s:11:8:11:Infinity":6,"s:13:23:39:Infinity":7,"f:13:23:13:30":1,"s:14:4:14:Infinity":8,"s:15:4:15:Infinity":9,"s:16:4:16:Infinity":10,"s:18:4:38:Infinity":11,"s:19:6:19:Infinity":12,"s:20:6:20:Infinity":13,"b:22:6:35:Infinity:29:13:35:Infinity":0,"s:22:6:35:Infinity":14,"s:23:26:23:Infinity":15,"s:24:8:28:Infinity":16,"b:25:16:25:35:25:35:25:Infinity":1,"b:26:19:26:40:26:40:26:Infinity":2,"b:27:16:27:34:27:34:27:Infinity":3,"s:30:8:34:Infinity":17,"s:37:6:37:Infinity":18,"s:41:2:118:Infinity":19,"b:48:13:48:Infinity:49:14:72:Infinity":4,"b:52:55:52:Infinity:53:21:54:Infinity":5,"b:53:57:53:Infinity:54:21:54:Infinity":6,"b:58:17:58:Infinity:59:18:64:Infinity":7,"f:67:27:67:33":2,"s:67:33:67:Infinity":20,"f:83:26:83:27":3,"s:83:33:83:Infinity":21,"f:95:26:95:27":4,"s:95:33:95:Infinity":22,"b:104:25:104:43:104:43:104:Infinity":8}}}
,"/Users/ai/Documents/sourceCode/expenseManager/frontend/src/pages/RegisterPage.tsx": {"path":"/Users/ai/Documents/sourceCode/expenseManager/frontend/src/pages/RegisterPage.tsx","statementMap":{"0":{"start":{"line":5,"column":31},"end":{"line":123,"column":null}},"1":{"start":{"line":6,"column":24},"end":{"line":6,"column":null}},"2":{"start":{"line":7,"column":30},"end":{"line":7,"column":null}},"3":{"start":{"line":8,"column":30},"end":{"line":8,"column":null}},"4":{"start":{"line":9,"column":44},"end":{"line":9,"column":null}},"5":{"start":{"line":10,"column":24},"end":{"line":10,"column":null}},"6":{"start":{"line":11,"column":28},"end":{"line":11,"column":null}},"7":{"start":{"line":12,"column":19},"end":{"line":12,"column":null}},"8":{"start":{"line":13,"column":8},"end":{"line":13,"column":null}},"9":{"start":{"line":15,"column":23},"end":{"line":39,"column":null}},"10":{"start":{"line":16,"column":4},"end":{"line":16,"column":null}},"11":{"start":{"line":17,"column":4},"end":{"line":17,"column":null}},"12":{"start":{"line":19,"column":4},"end":{"line":22,"column":null}},"13":{"start":{"line":20,"column":6},"end":{"line":20,"column":null}},"14":{"start":{"line":21,"column":6},"end":{"line":21,"column":null}},"15":{"start":{"line":24,"column":4},"end":{"line":27,"column":null}},"16":{"start":{"line":25,"column":6},"end":{"line":25,"column":null}},"17":{"start":{"line":26,"column":6},"end":{"line":26,"column":null}},"18":{"start":{"line":29,"column":4},"end":{"line":29,"column":null}},"19":{"start":{"line":31,"column":4},"end":{"line":38,"column":null}},"20":{"start":{"line":32,"column":6},"end":{"line":32,"column":null}},"21":{"start":{"line":33,"column":6},"end":{"line":33,"column":null}},"22":{"start":{"line":35,"column":6},"end":{"line":35,"column":null}},"23":{"start":{"line":37,"column":6},"end":{"line":37,"column":null}},"24":{"start":{"line":41,"column":2},"end":{"line":121,"column":null}},"25":{"start":{"line":62,"column":33},"end":{"line":62,"column":null}},"26":{"start":{"line":74,"column":33},"end":{"line":74,"column":null}},"27":{"start":{"line":86,"column":33},"end":{"line":86,"column":null}},"28":{"start":{"line":98,"column":33},"end":{"line":98,"column":null}}},"fnMap":{"0":{"name":"(anonymous_0)","decl":{"start":{"line":5,"column":31},"end":{"line":5,"column":37}},"loc":{"start":{"line":5,"column":37},"end":{"line":123,"column":null}},"line":5},"1":{"name":"(anonymous_1)","decl":{"start":{"line":15,"column":23},"end":{"line":15,"column":30}},"loc":{"start":{"line":15,"column":53},"end":{"line":39,"column":null}},"line":15},"2":{"name":"(anonymous_2)","decl":{"start":{"line":62,"column":26},"end":{"line":62,"column":27}},"loc":{"start":{"line":62,"column":33},"end":{"line":62,"column":null}},"line":62},"3":{"name":"(anonymous_3)","decl":{"start":{"line":74,"column":26},"end":{"line":74,"column":27}},"loc":{"start":{"line":74,"column":33},"end":{"line":74,"column":null}},"line":74},"4":{"name":"(anonymous_4)","decl":{"start":{"line":86,"column":26},"end":{"line":86,"column":27}},"loc":{"start":{"line":86,"column":33},"end":{"line":86,"column":null}},"line":86},"5":{"name":"(anonymous_5)","decl":{"start":{"line":98,"column":26},"end":{"line":98,"column":27}},"loc":{"start":{"line":98,"column":33},"end":{"line":98,"column":null}},"line":98}},"branchMap":{"0":{"loc":{"start":{"line":19,"column":4},"end":{"line":22,"column":null}},"type":"if","locations":[{"start":{"line":19,"column":4},"end":{"line":22,"column":null}},{"start":{},"end":{}}],"line":19},"1":{"loc":{"start":{"line":24,"column":4},"end":{"line":27,"column":null}},"type":"if","locations":[{"start":{"line":24,"column":4},"end":{"line":27,"column":null}},{"start":{},"end":{}}],"line":24},"2":{"loc":{"start":{"line":35,"column":15},"end":{"line":35,"column":67}},"type":"binary-expr","locations":[{"start":{"line":35,"column":15},"end":{"line":35,"column":46}},{"start":{"line":35,"column":46},"end":{"line":35,"column":67}}],"line":35},"3":{"loc":{"start":{"line":48,"column":13},"end":{"line":51,"column":null}},"type":"binary-expr","locations":[{"start":{"line":48,"column":13},"end":{"line":48,"column":null}},{"start":{"line":49,"column":14},"end":{"line":51,"column":null}}],"line":48},"4":{"loc":{"start":{"line":107,"column":15},"end":{"line":107,"column":null}},"type":"cond-expr","locations":[{"start":{"line":107,"column":25},"end":{"line":107,"column":49}},{"start":{"line":107,"column":49},"end":{"line":107,"column":null}}],"line":107}},"s":{"0":1,"1":21,"2":21,"3":21,"4":21,"5":21,"6":21,"7":21,"8":21,"9":21,"10":3,"11":3,"12":3,"13":1,"14":1,"15":2,"16":1,"17":1,"18":1,"19":1,"20":1,"21":1,"22":0,"23":1,"24":21,"25":3,"26":3,"27":3,"28":3},"f":{"0":21,"1":3,"2":3,"3":3,"4":3,"5":3},"b":{"0":[1,2],"1":[1,1],"2":[0,0],"3":[21,2],"4":[1,20]},"meta":{"lastBranch":5,"lastFunction":6,"lastStatement":29,"seen":{"s:5:31:123:Infinity":0,"f:5:31:5:37":0,"s:6:24:6:Infinity":1,"s:7:30:7:Infinity":2,"s:8:30:8:Infinity":3,"s:9:44:9:Infinity":4,"s:10:24:10:Infinity":5,"s:11:28:11:Infinity":6,"s:12:19:12:Infinity":7,"s:13:8:13:Infinity":8,"s:15:23:39:Infinity":9,"f:15:23:15:30":1,"s:16:4:16:Infinity":10,"s:17:4:17:Infinity":11,"b:19:4:22:Infinity:undefined:undefined:undefined:undefined":0,"s:19:4:22:Infinity":12,"s:20:6:20:Infinity":13,"s:21:6:21:Infinity":14,"b:24:4:27:Infinity:undefined:undefined:undefined:undefined":1,"s:24:4:27:Infinity":15,"s:25:6:25:Infinity":16,"s:26:6:26:Infinity":17,"s:29:4:29:Infinity":18,"s:31:4:38:Infinity":19,"s:32:6:32:Infinity":20,"s:33:6:33:Infinity":21,"s:35:6:35:Infinity":22,"b:35:15:35:46:35:46:35:67":2,"s:37:6:37:Infinity":23,"s:41:2:121:Infinity":24,"b:48:13:48:Infinity:49:14:51:Infinity":3,"f:62:26:62:27":2,"s:62:33:62:Infinity":25,"f:74:26:74:27":3,"s:74:33:74:Infinity":26,"f:86:26:86:27":4,"s:86:33:86:Infinity":27,"f:98:26:98:27":5,"s:98:33:98:Infinity":28,"b:107:25:107:49:107:49:107:Infinity":4}}}
,"/Users/ai/Documents/sourceCode/expenseManager/frontend/src/pages/ReportsPage.tsx": {"path":"/Users/ai/Documents/sourceCode/expenseManager/frontend/src/pages/ReportsPage.tsx","statementMap":{"0":{"start":{"line":17,"column":23},"end":{"line":17,"column":null}},"1":{"start":{"line":18,"column":28},"end":{"line":18,"column":null}},"2":{"start":{"line":19,"column":28},"end":{"line":19,"column":null}},"3":{"start":{"line":20,"column":28},"end":{"line":20,"column":null}},"4":{"start":{"line":21,"column":8},"end":{"line":21,"column":null}},"5":{"start":{"line":22,"column":8},"end":{"line":22,"column":null}},"6":{"start":{"line":24,"column":2},"end":{"line":28,"column":null}},"7":{"start":{"line":25,"column":4},"end":{"line":25,"column":null}},"8":{"start":{"line":26,"column":4},"end":{"line":26,"column":null}},"9":{"start":{"line":27,"column":4},"end":{"line":27,"column":null}},"10":{"start":{"line":30,"column":2},"end":{"line":154,"column":null}},"11":{"start":{"line":43,"column":16},"end":{"line":49,"column":null}},"12":{"start":{"line":65,"column":55},"end":{"line":65,"column":76}},"13":{"start":{"line":78,"column":20},"end":{"line":78,"column":null}},"14":{"start":{"line":79,"column":29},"end":{"line":79,"column":null}},"15":{"start":{"line":81,"column":14},"end":{"line":148,"column":null}}},"fnMap":{"0":{"name":"ReportsPage","decl":{"start":{"line":16,"column":9},"end":{"line":16,"column":23}},"loc":{"start":{"line":16,"column":23},"end":{"line":156,"column":null}},"line":16},"1":{"name":"(anonymous_1)","decl":{"start":{"line":24,"column":12},"end":{"line":24,"column":18}},"loc":{"start":{"line":24,"column":18},"end":{"line":28,"column":5}},"line":24},"2":{"name":"(anonymous_2)","decl":{"start":{"line":42,"column":59},"end":{"line":42,"column":60}},"loc":{"start":{"line":43,"column":16},"end":{"line":49,"column":null}},"line":43},"3":{"name":"(anonymous_3)","decl":{"start":{"line":65,"column":36},"end":{"line":65,"column":37}},"loc":{"start":{"line":65,"column":55},"end":{"line":65,"column":76}},"line":65},"4":{"name":"(anonymous_4)","decl":{"start":{"line":77,"column":25},"end":{"line":77,"column":26}},"loc":{"start":{"line":77,"column":37},"end":{"line":150,"column":13}},"line":77}},"branchMap":{"0":{"loc":{"start":{"line":33,"column":7},"end":{"line":53,"column":null}},"type":"binary-expr","locations":[{"start":{"line":33,"column":7},"end":{"line":33,"column":null}},{"start":{"line":34,"column":8},"end":{"line":53,"column":null}}],"line":33},"1":{"loc":{"start":{"line":56,"column":7},"end":{"line":70,"column":null}},"type":"binary-expr","locations":[{"start":{"line":56,"column":7},"end":{"line":56,"column":null}},{"start":{"line":57,"column":8},"end":{"line":70,"column":null}}],"line":56},"2":{"loc":{"start":{"line":73,"column":7},"end":{"line":152,"column":null}},"type":"binary-expr","locations":[{"start":{"line":73,"column":7},"end":{"line":73,"column":null}},{"start":{"line":74,"column":8},"end":{"line":152,"column":null}}],"line":73},"3":{"loc":{"start":{"line":87,"column":37},"end":{"line":87,"column":null}},"type":"cond-expr","locations":[{"start":{"line":87,"column":46},"end":{"line":87,"column":58}},{"start":{"line":87,"column":58},"end":{"line":87,"column":null}}],"line":87},"4":{"loc":{"start":{"line":89,"column":41},"end":{"line":89,"column":71}},"type":"cond-expr","locations":[{"start":{"line":89,"column":50},"end":{"line":89,"column":62}},{"start":{"line":89,"column":62},"end":{"line":89,"column":71}}],"line":89},"5":{"loc":{"start":{"line":97,"column":31},"end":{"line":97,"column":null}},"type":"cond-expr","locations":[{"start":{"line":97,"column":40},"end":{"line":97,"column":52}},{"start":{"line":97,"column":52},"end":{"line":97,"column":null}}],"line":97},"6":{"loc":{"start":{"line":100,"column":23},"end":{"line":100,"column":null}},"type":"cond-expr","locations":[{"start":{"line":100,"column":32},"end":{"line":100,"column":48}},{"start":{"line":100,"column":48},"end":{"line":100,"column":null}}],"line":100},"7":{"loc":{"start":{"line":114,"column":25},"end":{"line":114,"column":null}},"type":"cond-expr","locations":[{"start":{"line":114,"column":49},"end":{"line":114,"column":63}},{"start":{"line":114,"column":63},"end":{"line":114,"column":null}}],"line":114},"8":{"loc":{"start":{"line":120,"column":33},"end":{"line":120,"column":null}},"type":"cond-expr","locations":[{"start":{"line":120,"column":57},"end":{"line":120,"column":69}},{"start":{"line":120,"column":69},"end":{"line":120,"column":null}}],"line":120},"9":{"loc":{"start":{"line":140,"column":41},"end":{"line":140,"column":null}},"type":"cond-expr","locations":[{"start":{"line":140,"column":50},"end":{"line":140,"column":62}},{"start":{"line":140,"column":62},"end":{"line":140,"column":null}}],"line":140},"10":{"loc":{"start":{"line":140,"column":62},"end":{"line":140,"column":null}},"type":"cond-expr","locations":[{"start":{"line":140,"column":89},"end":{"line":140,"column":101}},{"start":{"line":140,"column":101},"end":{"line":140,"column":null}}],"line":140}},"s":{"0":12,"1":12,"2":12,"3":12,"4":12,"5":12,"6":12,"7":6,"8":6,"9":6,"10":12,"11":3,"12":0,"13":2,"14":2,"15":2},"f":{"0":12,"1":6,"2":3,"3":0,"4":2},"b":{"0":[12,6],"1":[12,1],"2":[12,2],"3":[1,1],"4":[1,1],"5":[1,1],"6":[1,1],"7":[1,1],"8":[1,1],"9":[1,1],"10":[0,1]},"meta":{"lastBranch":11,"lastFunction":5,"lastStatement":16,"seen":{"f:16:9:16:23":0,"s:17:23:17:Infinity":0,"s:18:28:18:Infinity":1,"s:19:28:19:Infinity":2,"s:20:28:20:Infinity":3,"s:21:8:21:Infinity":4,"s:22:8:22:Infinity":5,"s:24:2:28:Infinity":6,"f:24:12:24:18":1,"s:25:4:25:Infinity":7,"s:26:4:26:Infinity":8,"s:27:4:27:Infinity":9,"s:30:2:154:Infinity":10,"b:33:7:33:Infinity:34:8:53:Infinity":0,"f:42:59:42:60":2,"s:43:16:49:Infinity":11,"b:56:7:56:Infinity:57:8:70:Infinity":1,"f:65:36:65:37":3,"s:65:55:65:76":12,"b:73:7:73:Infinity:74:8:152:Infinity":2,"f:77:25:77:26":4,"s:78:20:78:Infinity":13,"s:79:29:79:Infinity":14,"s:81:14:148:Infinity":15,"b:87:46:87:58:87:58:87:Infinity":3,"b:89:50:89:62:89:62:89:71":4,"b:97:40:97:52:97:52:97:Infinity":5,"b:100:32:100:48:100:48:100:Infinity":6,"b:114:49:114:63:114:63:114:Infinity":7,"b:120:57:120:69:120:69:120:Infinity":8,"b:140:50:140:62:140:62:140:Infinity":9,"b:140:89:140:101:140:101:140:Infinity":10}}}
,"/Users/ai/Documents/sourceCode/expenseManager/frontend/src/pages/SettingsPage.tsx": {"path":"/Users/ai/Documents/sourceCode/expenseManager/frontend/src/pages/SettingsPage.tsx","statementMap":{"0":{"start":{"line":23,"column":46},"end":{"line":23,"column":null}},"1":{"start":{"line":24,"column":35},"end":{"line":24,"column":null}},"2":{"start":{"line":25,"column":34},"end":{"line":25,"column":null}},"3":{"start":{"line":26,"column":22},"end":{"line":26,"column":null}},"4":{"start":{"line":27,"column":24},"end":{"line":27,"column":null}},"5":{"start":{"line":28,"column":28},"end":{"line":28,"column":null}},"6":{"start":{"line":29,"column":14},"end":{"line":29,"column":null}},"7":{"start":{"line":30,"column":34},"end":{"line":30,"column":null}},"8":{"start":{"line":31,"column":36},"end":{"line":31,"column":null}},"9":{"start":{"line":32,"column":38},"end":{"line":32,"column":null}},"10":{"start":{"line":33,"column":46},"end":{"line":33,"column":null}},"11":{"start":{"line":34,"column":42},"end":{"line":34,"column":null}},"12":{"start":{"line":35,"column":44},"end":{"line":35,"column":null}},"13":{"start":{"line":36,"column":30},"end":{"line":36,"column":null}},"14":{"start":{"line":38,"column":15},"end":{"line":40,"column":null}},"15":{"start":{"line":39,"column":4},"end":{"line":39,"column":null}},"16":{"start":{"line":42,"column":22},"end":{"line":44,"column":null}},"17":{"start":{"line":43,"column":4},"end":{"line":43,"column":null}},"18":{"start":{"line":46,"column":2},"end":{"line":48,"column":null}},"19":{"start":{"line":47,"column":4},"end":{"line":47,"column":null}},"20":{"start":{"line":50,"column":2},"end":{"line":52,"column":null}},"21":{"start":{"line":51,"column":4},"end":{"line":51,"column":null}},"22":{"start":{"line":54,"column":19},"end":{"line":63,"column":null}},"23":{"start":{"line":55,"column":4},"end":{"line":55,"column":null}},"24":{"start":{"line":56,"column":4},"end":{"line":56,"column":null}},"25":{"start":{"line":56,"column":15},"end":{"line":56,"column":null}},"26":{"start":{"line":57,"column":4},"end":{"line":62,"column":null}},"27":{"start":{"line":59,"column":8},"end":{"line":59,"column":null}},"28":{"start":{"line":60,"column":8},"end":{"line":60,"column":null}},"29":{"start":{"line":65,"column":19},"end":{"line":69,"column":null}},"30":{"start":{"line":66,"column":4},"end":{"line":68,"column":null}},"31":{"start":{"line":71,"column":25},"end":{"line":121,"column":null}},"32":{"start":{"line":72,"column":4},"end":{"line":72,"column":null}},"33":{"start":{"line":73,"column":4},"end":{"line":73,"column":null}},"34":{"start":{"line":73,"column":23},"end":{"line":73,"column":null}},"35":{"start":{"line":75,"column":20},"end":{"line":81,"column":null}},"36":{"start":{"line":83,"column":20},"end":{"line":85,"column":null}},"37":{"start":{"line":87,"column":4},"end":{"line":120,"column":null}},"38":{"start":{"line":89,"column":8},"end":{"line":89,"column":null}},"39":{"start":{"line":90,"column":8},"end":{"line":90,"column":null}},"40":{"start":{"line":91,"column":8},"end":{"line":91,"column":null}},"41":{"start":{"line":92,"column":8},"end":{"line":92,"column":null}},"42":{"start":{"line":93,"column":8},"end":{"line":93,"column":null}},"43":{"start":{"line":93,"column":29},"end":{"line":93,"column":70}},"44":{"start":{"line":93,"column":52},"end":{"line":93,"column":65}},"45":{"start":{"line":96,"column":8},"end":{"line":102,"column":null}},"46":{"start":{"line":97,"column":10},"end":{"line":97,"column":null}},"47":{"start":{"line":98,"column":35},"end":{"line":98,"column":null}},"48":{"start":{"line":98,"column":58},"end":{"line":98,"column":83}},"49":{"start":{"line":99,"column":10},"end":{"line":101,"column":null}},"50":{"start":{"line":100,"column":12},"end":{"line":100,"column":null}},"51":{"start":{"line":105,"column":8},"end":{"line":119,"column":null}},"52":{"start":{"line":106,"column":28},"end":{"line":106,"column":null}},"53":{"start":{"line":107,"column":10},"end":{"line":111,"column":null}},"54":{"start":{"line":113,"column":10},"end":{"line":113,"column":null}},"55":{"start":{"line":114,"column":10},"end":{"line":118,"column":null}},"56":{"start":{"line":123,"column":27},"end":{"line":130,"column":null}},"57":{"start":{"line":124,"column":4},"end":{"line":124,"column":null}},"58":{"start":{"line":125,"column":4},"end":{"line":125,"column":null}},"59":{"start":{"line":126,"column":4},"end":{"line":126,"column":null}},"60":{"start":{"line":127,"column":4},"end":{"line":127,"column":null}},"61":{"start":{"line":128,"column":4},"end":{"line":128,"column":null}},"62":{"start":{"line":129,"column":4},"end":{"line":129,"column":null}},"63":{"start":{"line":132,"column":33},"end":{"line":136,"column":null}},"64":{"start":{"line":133,"column":4},"end":{"line":133,"column":null}},"65":{"start":{"line":134,"column":4},"end":{"line":134,"column":null}},"66":{"start":{"line":135,"column":4},"end":{"line":135,"column":null}},"67":{"start":{"line":138,"column":25},"end":{"line":150,"column":null}},"68":{"start":{"line":139,"column":4},"end":{"line":139,"column":null}},"69":{"start":{"line":139,"column":66},"end":{"line":139,"column":null}},"70":{"start":{"line":140,"column":4},"end":{"line":149,"column":null}},"71":{"start":{"line":142,"column":8},"end":{"line":142,"column":null}},"72":{"start":{"line":142,"column":29},"end":{"line":142,"column":60}},"73":{"start":{"line":142,"column":48},"end":{"line":142,"column":59}},"74":{"start":{"line":143,"column":8},"end":{"line":147,"column":null}},"75":{"start":{"line":144,"column":10},"end":{"line":144,"column":null}},"76":{"start":{"line":145,"column":10},"end":{"line":145,"column":null}},"77":{"start":{"line":146,"column":10},"end":{"line":146,"column":null}},"78":{"start":{"line":152,"column":30},"end":{"line":156,"column":null}},"79":{"start":{"line":153,"column":4},"end":{"line":153,"column":null}},"80":{"start":{"line":153,"column":28},"end":{"line":153,"column":null}},"81":{"start":{"line":154,"column":4},"end":{"line":154,"column":null}},"82":{"start":{"line":154,"column":27},"end":{"line":154,"column":null}},"83":{"start":{"line":155,"column":4},"end":{"line":155,"column":null}},"84":{"start":{"line":158,"column":20},"end":{"line":158,"column":null}},"85":{"start":{"line":160,"column":24},"end":{"line":164,"column":null}},"86":{"start":{"line":161,"column":20},"end":{"line":161,"column":null}},"87":{"start":{"line":162,"column":4},"end":{"line":162,"column":null}},"88":{"start":{"line":163,"column":4},"end":{"line":163,"column":null}},"89":{"start":{"line":166,"column":2},"end":{"line":403,"column":null}},"90":{"start":{"line":197,"column":29},"end":{"line":197,"column":null}},"91":{"start":{"line":221,"column":49},"end":{"line":221,"column":74}},"92":{"start":{"line":225,"column":63},"end":{"line":225,"column":89}},"93":{"start":{"line":233,"column":12},"end":{"line":246,"column":null}},"94":{"start":{"line":243,"column":63},"end":{"line":243,"column":79}},"95":{"start":{"line":253,"column":59},"end":{"line":253,"column":78}},"96":{"start":{"line":257,"column":59},"end":{"line":257,"column":77}},"97":{"start":{"line":279,"column":35},"end":{"line":279,"column":null}},"98":{"start":{"line":283,"column":20},"end":{"line":285,"column":null}},"99":{"start":{"line":295,"column":31},"end":{"line":295,"column":null}},"100":{"start":{"line":299,"column":16},"end":{"line":301,"column":null}},"101":{"start":{"line":311,"column":31},"end":{"line":311,"column":null}},"102":{"start":{"line":333,"column":14},"end":{"line":398,"column":null}},"103":{"start":{"line":348,"column":37},"end":{"line":348,"column":null}},"104":{"start":{"line":355,"column":37},"end":{"line":355,"column":null}}},"fnMap":{"0":{"name":"SettingsPage","decl":{"start":{"line":22,"column":9},"end":{"line":22,"column":24}},"loc":{"start":{"line":22,"column":24},"end":{"line":405,"column":null}},"line":22},"1":{"name":"(anonymous_1)","decl":{"start":{"line":38,"column":15},"end":{"line":38,"column":21}},"loc":{"start":{"line":38,"column":21},"end":{"line":40,"column":null}},"line":38},"2":{"name":"(anonymous_2)","decl":{"start":{"line":42,"column":22},"end":{"line":42,"column":28}},"loc":{"start":{"line":42,"column":28},"end":{"line":44,"column":null}},"line":42},"3":{"name":"(anonymous_3)","decl":{"start":{"line":46,"column":12},"end":{"line":46,"column":18}},"loc":{"start":{"line":46,"column":18},"end":{"line":48,"column":5}},"line":46},"4":{"name":"(anonymous_4)","decl":{"start":{"line":50,"column":12},"end":{"line":50,"column":18}},"loc":{"start":{"line":50,"column":18},"end":{"line":52,"column":5}},"line":50},"5":{"name":"(anonymous_5)","decl":{"start":{"line":54,"column":19},"end":{"line":54,"column":20}},"loc":{"start":{"line":54,"column":37},"end":{"line":63,"column":null}},"line":54},"6":{"name":"(anonymous_6)","decl":{"start":{"line":58,"column":12},"end":{"line":58,"column":18}},"loc":{"start":{"line":58,"column":18},"end":{"line":61,"column":7}},"line":58},"7":{"name":"(anonymous_7)","decl":{"start":{"line":65,"column":19},"end":{"line":65,"column":20}},"loc":{"start":{"line":65,"column":35},"end":{"line":69,"column":null}},"line":65},"8":{"name":"(anonymous_8)","decl":{"start":{"line":71,"column":25},"end":{"line":71,"column":26}},"loc":{"start":{"line":71,"column":43},"end":{"line":121,"column":null}},"line":71},"9":{"name":"(anonymous_9)","decl":{"start":{"line":88,"column":12},"end":{"line":88,"column":13}},"loc":{"start":{"line":88,"column":19},"end":{"line":103,"column":7}},"line":88},"10":{"name":"(anonymous_10)","decl":{"start":{"line":93,"column":19},"end":{"line":93,"column":20}},"loc":{"start":{"line":93,"column":29},"end":{"line":93,"column":70}},"line":93},"11":{"name":"(anonymous_11)","decl":{"start":{"line":93,"column":45},"end":{"line":93,"column":46}},"loc":{"start":{"line":93,"column":52},"end":{"line":93,"column":65}},"line":93},"12":{"name":"(anonymous_12)","decl":{"start":{"line":98,"column":51},"end":{"line":98,"column":52}},"loc":{"start":{"line":98,"column":58},"end":{"line":98,"column":83}},"line":98},"13":{"name":"(anonymous_13)","decl":{"start":{"line":104,"column":13},"end":{"line":104,"column":14}},"loc":{"start":{"line":104,"column":24},"end":{"line":120,"column":7}},"line":104},"14":{"name":"(anonymous_14)","decl":{"start":{"line":123,"column":27},"end":{"line":123,"column":28}},"loc":{"start":{"line":123,"column":53},"end":{"line":130,"column":null}},"line":123},"15":{"name":"(anonymous_15)","decl":{"start":{"line":132,"column":33},"end":{"line":132,"column":39}},"loc":{"start":{"line":132,"column":39},"end":{"line":136,"column":null}},"line":132},"16":{"name":"(anonymous_16)","decl":{"start":{"line":138,"column":25},"end":{"line":138,"column":26}},"loc":{"start":{"line":138,"column":41},"end":{"line":150,"column":null}},"line":138},"17":{"name":"(anonymous_17)","decl":{"start":{"line":141,"column":12},"end":{"line":141,"column":18}},"loc":{"start":{"line":141,"column":18},"end":{"line":148,"column":7}},"line":141},"18":{"name":"(anonymous_18)","decl":{"start":{"line":142,"column":19},"end":{"line":142,"column":20}},"loc":{"start":{"line":142,"column":29},"end":{"line":142,"column":60}},"line":142},"19":{"name":"(anonymous_19)","decl":{"start":{"line":142,"column":41},"end":{"line":142,"column":42}},"loc":{"start":{"line":142,"column":48},"end":{"line":142,"column":59}},"line":142},"20":{"name":"(anonymous_20)","decl":{"start":{"line":152,"column":30},"end":{"line":152,"column":31}},"loc":{"start":{"line":152,"column":55},"end":{"line":156,"column":null}},"line":152},"21":{"name":"(anonymous_21)","decl":{"start":{"line":160,"column":24},"end":{"line":160,"column":25}},"loc":{"start":{"line":160,"column":47},"end":{"line":164,"column":null}},"line":160},"22":{"name":"(anonymous_22)","decl":{"start":{"line":197,"column":23},"end":{"line":197,"column":29}},"loc":{"start":{"line":197,"column":29},"end":{"line":197,"column":null}},"line":197},"23":{"name":"(anonymous_23)","decl":{"start":{"line":221,"column":42},"end":{"line":221,"column":43}},"loc":{"start":{"line":221,"column":49},"end":{"line":221,"column":74}},"line":221},"24":{"name":"(anonymous_24)","decl":{"start":{"line":225,"column":56},"end":{"line":225,"column":57}},"loc":{"start":{"line":225,"column":63},"end":{"line":225,"column":89}},"line":225},"25":{"name":"(anonymous_25)","decl":{"start":{"line":232,"column":26},"end":{"line":232,"column":27}},"loc":{"start":{"line":233,"column":12},"end":{"line":246,"column":null}},"line":233},"26":{"name":"(anonymous_26)","decl":{"start":{"line":243,"column":57},"end":{"line":243,"column":63}},"loc":{"start":{"line":243,"column":63},"end":{"line":243,"column":79}},"line":243},"27":{"name":"(anonymous_27)","decl":{"start":{"line":253,"column":53},"end":{"line":253,"column":59}},"loc":{"start":{"line":253,"column":59},"end":{"line":253,"column":78}},"line":253},"28":{"name":"(anonymous_28)","decl":{"start":{"line":257,"column":53},"end":{"line":257,"column":59}},"loc":{"start":{"line":257,"column":59},"end":{"line":257,"column":77}},"line":257},"29":{"name":"(anonymous_29)","decl":{"start":{"line":279,"column":28},"end":{"line":279,"column":29}},"loc":{"start":{"line":279,"column":35},"end":{"line":279,"column":null}},"line":279},"30":{"name":"(anonymous_30)","decl":{"start":{"line":282,"column":34},"end":{"line":282,"column":35}},"loc":{"start":{"line":283,"column":20},"end":{"line":285,"column":null}},"line":283},"31":{"name":"(anonymous_31)","decl":{"start":{"line":295,"column":24},"end":{"line":295,"column":25}},"loc":{"start":{"line":295,"column":31},"end":{"line":295,"column":null}},"line":295},"32":{"name":"(anonymous_32)","decl":{"start":{"line":298,"column":30},"end":{"line":298,"column":31}},"loc":{"start":{"line":299,"column":16},"end":{"line":301,"column":null}},"line":299},"33":{"name":"(anonymous_33)","decl":{"start":{"line":311,"column":24},"end":{"line":311,"column":25}},"loc":{"start":{"line":311,"column":31},"end":{"line":311,"column":null}},"line":311},"34":{"name":"(anonymous_34)","decl":{"start":{"line":332,"column":24},"end":{"line":332,"column":25}},"loc":{"start":{"line":333,"column":14},"end":{"line":398,"column":null}},"line":333},"35":{"name":"(anonymous_35)","decl":{"start":{"line":348,"column":31},"end":{"line":348,"column":37}},"loc":{"start":{"line":348,"column":37},"end":{"line":348,"column":null}},"line":348},"36":{"name":"(anonymous_36)","decl":{"start":{"line":355,"column":31},"end":{"line":355,"column":37}},"loc":{"start":{"line":355,"column":37},"end":{"line":355,"column":null}},"line":355}},"branchMap":{"0":{"loc":{"start":{"line":56,"column":4},"end":{"line":56,"column":null}},"type":"if","locations":[{"start":{"line":56,"column":4},"end":{"line":56,"column":null}},{"start":{},"end":{}}],"line":56},"1":{"loc":{"start":{"line":73,"column":4},"end":{"line":73,"column":null}},"type":"if","locations":[{"start":{"line":73,"column":4},"end":{"line":73,"column":null}},{"start":{},"end":{}}],"line":73},"2":{"loc":{"start":{"line":79,"column":18},"end":{"line":79,"column":null}},"type":"cond-expr","locations":[{"start":{"line":79,"column":37},"end":{"line":79,"column":64}},{"start":{"line":79,"column":64},"end":{"line":79,"column":null}}],"line":79},"3":{"loc":{"start":{"line":80,"column":16},"end":{"line":80,"column":null}},"type":"cond-expr","locations":[{"start":{"line":80,"column":58},"end":{"line":80,"column":75}},{"start":{"line":80,"column":75},"end":{"line":80,"column":null}}],"line":80},"4":{"loc":{"start":{"line":80,"column":16},"end":{"line":80,"column":58}},"type":"binary-expr","locations":[{"start":{"line":80,"column":16},"end":{"line":80,"column":39}},{"start":{"line":80,"column":39},"end":{"line":80,"column":58}}],"line":80},"5":{"loc":{"start":{"line":83,"column":20},"end":{"line":85,"column":null}},"type":"cond-expr","locations":[{"start":{"line":83,"column":20},"end":{"line":84,"column":null}},{"start":{"line":84,"column":45},"end":{"line":85,"column":null}}],"line":83},"6":{"loc":{"start":{"line":96,"column":8},"end":{"line":102,"column":null}},"type":"if","locations":[{"start":{"line":96,"column":8},"end":{"line":102,"column":null}},{"start":{},"end":{}}],"line":96},"7":{"loc":{"start":{"line":96,"column":12},"end":{"line":96,"column":71}},"type":"binary-expr","locations":[{"start":{"line":96,"column":12},"end":{"line":96,"column":35}},{"start":{"line":96,"column":35},"end":{"line":96,"column":55}},{"start":{"line":96,"column":55},"end":{"line":96,"column":71}}],"line":96},"8":{"loc":{"start":{"line":99,"column":10},"end":{"line":101,"column":null}},"type":"if","locations":[{"start":{"line":99,"column":10},"end":{"line":101,"column":null}},{"start":{},"end":{}}],"line":99},"9":{"loc":{"start":{"line":105,"column":8},"end":{"line":119,"column":null}},"type":"if","locations":[{"start":{"line":105,"column":8},"end":{"line":119,"column":null}},{"start":{"line":112,"column":15},"end":{"line":119,"column":null}}],"line":105},"10":{"loc":{"start":{"line":108,"column":19},"end":{"line":108,"column":null}},"type":"binary-expr","locations":[{"start":{"line":108,"column":19},"end":{"line":108,"column":38}},{"start":{"line":108,"column":38},"end":{"line":108,"column":null}}],"line":108},"11":{"loc":{"start":{"line":109,"column":21},"end":{"line":109,"column":null}},"type":"binary-expr","locations":[{"start":{"line":109,"column":21},"end":{"line":109,"column":42}},{"start":{"line":109,"column":42},"end":{"line":109,"column":null}}],"line":109},"12":{"loc":{"start":{"line":110,"column":18},"end":{"line":110,"column":null}},"type":"binary-expr","locations":[{"start":{"line":110,"column":18},"end":{"line":110,"column":36}},{"start":{"line":110,"column":36},"end":{"line":110,"column":null}}],"line":110},"13":{"loc":{"start":{"line":126,"column":24},"end":{"line":126,"column":59}},"type":"binary-expr","locations":[{"start":{"line":126,"column":24},"end":{"line":126,"column":57}},{"start":{"line":126,"column":57},"end":{"line":126,"column":59}}],"line":126},"14":{"loc":{"start":{"line":139,"column":4},"end":{"line":139,"column":null}},"type":"if","locations":[{"start":{"line":139,"column":4},"end":{"line":139,"column":null}},{"start":{},"end":{}}],"line":139},"15":{"loc":{"start":{"line":143,"column":8},"end":{"line":147,"column":null}},"type":"if","locations":[{"start":{"line":143,"column":8},"end":{"line":147,"column":null}},{"start":{},"end":{}}],"line":143},"16":{"loc":{"start":{"line":153,"column":4},"end":{"line":153,"column":null}},"type":"if","locations":[{"start":{"line":153,"column":4},"end":{"line":153,"column":null}},{"start":{},"end":{}}],"line":153},"17":{"loc":{"start":{"line":154,"column":4},"end":{"line":154,"column":null}},"type":"if","locations":[{"start":{"line":154,"column":4},"end":{"line":154,"column":null}},{"start":{},"end":{}}],"line":154},"18":{"loc":{"start":{"line":170,"column":7},"end":{"line":212,"column":null}},"type":"binary-expr","locations":[{"start":{"line":170,"column":7},"end":{"line":170,"column":null}},{"start":{"line":171,"column":8},"end":{"line":212,"column":null}}],"line":170},"19":{"loc":{"start":{"line":176,"column":29},"end":{"line":176,"column":null}},"type":"cond-expr","locations":[{"start":{"line":176,"column":72},"end":{"line":176,"column":84}},{"start":{"line":176,"column":84},"end":{"line":176,"column":null}}],"line":176},"20":{"loc":{"start":{"line":177,"column":33},"end":{"line":177,"column":97}},"type":"cond-expr","locations":[{"start":{"line":177,"column":76},"end":{"line":177,"column":88}},{"start":{"line":177,"column":88},"end":{"line":177,"column":97}}],"line":177},"21":{"loc":{"start":{"line":178,"column":19},"end":{"line":178,"column":null}},"type":"cond-expr","locations":[{"start":{"line":178,"column":62},"end":{"line":178,"column":74}},{"start":{"line":178,"column":74},"end":{"line":178,"column":null}}],"line":178},"22":{"loc":{"start":{"line":187,"column":15},"end":{"line":189,"column":null}},"type":"cond-expr","locations":[{"start":{"line":187,"column":58},"end":{"line":187,"column":null}},{"start":{"line":188,"column":15},"end":{"line":189,"column":null}}],"line":187},"23":{"loc":{"start":{"line":188,"column":15},"end":{"line":189,"column":null}},"type":"cond-expr","locations":[{"start":{"line":188,"column":52},"end":{"line":188,"column":null}},{"start":{"line":189,"column":15},"end":{"line":189,"column":null}}],"line":188},"24":{"loc":{"start":{"line":199,"column":33},"end":{"line":199,"column":null}},"type":"cond-expr","locations":[{"start":{"line":199,"column":76},"end":{"line":199,"column":88}},{"start":{"line":199,"column":88},"end":{"line":199,"column":null}}],"line":199},"25":{"loc":{"start":{"line":239,"column":35},"end":{"line":239,"column":null}},"type":"binary-expr","locations":[{"start":{"line":239,"column":35},"end":{"line":239,"column":46}},{"start":{"line":239,"column":46},"end":{"line":239,"column":null}}],"line":239},"26":{"loc":{"start":{"line":262,"column":11},"end":{"line":289,"column":null}},"type":"binary-expr","locations":[{"start":{"line":262,"column":11},"end":{"line":262,"column":34}},{"start":{"line":262,"column":34},"end":{"line":262,"column":null}},{"start":{"line":263,"column":12},"end":{"line":289,"column":null}}],"line":262},"27":{"loc":{"start":{"line":306,"column":28},"end":{"line":306,"column":181}},"type":"cond-expr","locations":[{"start":{"line":306,"column":49},"end":{"line":306,"column":67}},{"start":{"line":306,"column":67},"end":{"line":306,"column":181}}],"line":306},"28":{"loc":{"start":{"line":306,"column":67},"end":{"line":306,"column":181}},"type":"cond-expr","locations":[{"start":{"line":306,"column":94},"end":{"line":306,"column":100}},{"start":{"line":306,"column":100},"end":{"line":306,"column":181}}],"line":306},"29":{"loc":{"start":{"line":306,"column":100},"end":{"line":306,"column":181}},"type":"cond-expr","locations":[{"start":{"line":306,"column":127},"end":{"line":306,"column":133}},{"start":{"line":306,"column":133},"end":{"line":306,"column":181}}],"line":306},"30":{"loc":{"start":{"line":306,"column":133},"end":{"line":306,"column":181}},"type":"cond-expr","locations":[{"start":{"line":306,"column":160},"end":{"line":306,"column":166}},{"start":{"line":306,"column":166},"end":{"line":306,"column":181}}],"line":306},"31":{"loc":{"start":{"line":317,"column":15},"end":{"line":317,"column":null}},"type":"cond-expr","locations":[{"start":{"line":317,"column":33},"end":{"line":317,"column":51}},{"start":{"line":317,"column":51},"end":{"line":317,"column":null}}],"line":317},"32":{"loc":{"start":{"line":319,"column":13},"end":{"line":322,"column":null}},"type":"binary-expr","locations":[{"start":{"line":319,"column":13},"end":{"line":319,"column":null}},{"start":{"line":320,"column":14},"end":{"line":322,"column":null}}],"line":319},"33":{"loc":{"start":{"line":327,"column":11},"end":{"line":399,"column":null}},"type":"cond-expr","locations":[{"start":{"line":328,"column":12},"end":{"line":330,"column":null}},{"start":{"line":332,"column":12},"end":{"line":399,"column":null}}],"line":327},"34":{"loc":{"start":{"line":338,"column":35},"end":{"line":338,"column":null}},"type":"cond-expr","locations":[{"start":{"line":338,"column":58},"end":{"line":338,"column":70}},{"start":{"line":338,"column":70},"end":{"line":338,"column":null}}],"line":338},"35":{"loc":{"start":{"line":340,"column":39},"end":{"line":340,"column":83}},"type":"cond-expr","locations":[{"start":{"line":340,"column":62},"end":{"line":340,"column":74}},{"start":{"line":340,"column":74},"end":{"line":340,"column":83}}],"line":340},"36":{"loc":{"start":{"line":393,"column":40},"end":{"line":393,"column":81}},"type":"cond-expr","locations":[{"start":{"line":393,"column":58},"end":{"line":393,"column":70}},{"start":{"line":393,"column":70},"end":{"line":393,"column":81}}],"line":393},"37":{"loc":{"start":{"line":394,"column":21},"end":{"line":394,"column":null}},"type":"cond-expr","locations":[{"start":{"line":394,"column":40},"end":{"line":394,"column":56}},{"start":{"line":394,"column":56},"end":{"line":394,"column":null}}],"line":394}},"s":{"0":38,"1":38,"2":38,"3":38,"4":38,"5":38,"6":38,"7":38,"8":38,"9":38,"10":38,"11":38,"12":38,"13":38,"14":38,"15":11,"16":38,"17":13,"18":38,"19":11,"20":38,"21":13,"22":38,"23":0,"24":0,"25":0,"26":0,"27":0,"28":0,"29":38,"30":0,"31":38,"32":0,"33":0,"34":0,"35":0,"36":0,"37":0,"38":0,"39":0,"40":0,"41":0,"42":0,"43":0,"44":0,"45":0,"46":0,"47":0,"48":0,"49":0,"50":0,"51":0,"52":0,"53":0,"54":0,"55":0,"56":38,"57":0,"58":0,"59":0,"60":0,"61":0,"62":0,"63":38,"64":0,"65":0,"66":0,"67":38,"68":0,"69":0,"70":0,"71":0,"72":0,"73":0,"74":0,"75":0,"76":0,"77":0,"78":38,"79":10,"80":4,"81":6,"82":2,"83":4,"84":38,"85":38,"86":2,"87":2,"88":2,"89":38,"90":0,"91":0,"92":0,"93":1,"94":0,"95":1,"96":1,"97":0,"98":444,"99":0,"100":1,"101":0,"102":5,"103":0,"104":0},"f":{"0":38,"1":11,"2":13,"3":11,"4":13,"5":0,"6":0,"7":0,"8":0,"9":0,"10":0,"11":0,"12":0,"13":0,"14":0,"15":0,"16":0,"17":0,"18":0,"19":0,"20":10,"21":2,"22":0,"23":0,"24":0,"25":1,"26":0,"27":1,"28":1,"29":0,"30":444,"31":0,"32":1,"33":0,"34":5,"35":0,"36":0},"b":{"0":[0,0],"1":[0,0],"2":[0,0],"3":[0,0],"4":[0,0],"5":[0,0],"6":[0,0],"7":[0,0,0],"8":[0,0],"9":[0,0],"10":[0,0],"11":[0,0],"12":[0,0],"13":[0,0],"14":[0,0],"15":[0,0],"16":[4,6],"17":[2,4],"18":[38,0],"19":[0,0],"20":[0,0],"21":[0,0],"22":[0,0],"23":[0,0],"24":[0,0],"25":[1,0],"26":[38,37,37],"27":[0,37],"28":[37,0],"29":[0,0],"30":[0,0],"31":[0,37],"32":[38,0],"33":[32,5],"34":[2,3],"35":[2,3],"36":[2,3],"37":[3,2]},"meta":{"lastBranch":38,"lastFunction":37,"lastStatement":105,"seen":{"f:22:9:22:24":0,"s:23:46:23:Infinity":0,"s:24:35:24:Infinity":1,"s:25:34:25:Infinity":2,"s:26:22:26:Infinity":3,"s:27:24:27:Infinity":4,"s:28:28:28:Infinity":5,"s:29:14:29:Infinity":6,"s:30:34:30:Infinity":7,"s:31:36:31:Infinity":8,"s:32:38:32:Infinity":9,"s:33:46:33:Infinity":10,"s:34:42:34:Infinity":11,"s:35:44:35:Infinity":12,"s:36:30:36:Infinity":13,"s:38:15:40:Infinity":14,"f:38:15:38:21":1,"s:39:4:39:Infinity":15,"s:42:22:44:Infinity":16,"f:42:22:42:28":2,"s:43:4:43:Infinity":17,"s:46:2:48:Infinity":18,"f:46:12:46:18":3,"s:47:4:47:Infinity":19,"s:50:2:52:Infinity":20,"f:50:12:50:18":4,"s:51:4:51:Infinity":21,"s:54:19:63:Infinity":22,"f:54:19:54:20":5,"s:55:4:55:Infinity":23,"b:56:4:56:Infinity:undefined:undefined:undefined:undefined":0,"s:56:4:56:Infinity":24,"s:56:15:56:Infinity":25,"s:57:4:62:Infinity":26,"f:58:12:58:18":6,"s:59:8:59:Infinity":27,"s:60:8:60:Infinity":28,"s:65:19:69:Infinity":29,"f:65:19:65:20":7,"s:66:4:68:Infinity":30,"s:71:25:121:Infinity":31,"f:71:25:71:26":8,"s:72:4:72:Infinity":32,"b:73:4:73:Infinity:undefined:undefined:undefined:undefined":1,"s:73:4:73:Infinity":33,"s:73:23:73:Infinity":34,"s:75:20:81:Infinity":35,"b:79:37:79:64:79:64:79:Infinity":2,"b:80:58:80:75:80:75:80:Infinity":3,"b:80:16:80:39:80:39:80:58":4,"s:83:20:85:Infinity":36,"b:83:20:84:Infinity:84:45:85:Infinity":5,"s:87:4:120:Infinity":37,"f:88:12:88:13":9,"s:89:8:89:Infinity":38,"s:90:8:90:Infinity":39,"s:91:8:91:Infinity":40,"s:92:8:92:Infinity":41,"s:93:8:93:Infinity":42,"f:93:19:93:20":10,"s:93:29:93:70":43,"f:93:45:93:46":11,"s:93:52:93:65":44,"b:96:8:102:Infinity:undefined:undefined:undefined:undefined":6,"s:96:8:102:Infinity":45,"b:96:12:96:35:96:35:96:55:96:55:96:71":7,"s:97:10:97:Infinity":46,"s:98:35:98:Infinity":47,"f:98:51:98:52":12,"s:98:58:98:83":48,"b:99:10:101:Infinity:undefined:undefined:undefined:undefined":8,"s:99:10:101:Infinity":49,"s:100:12:100:Infinity":50,"f:104:13:104:14":13,"b:105:8:119:Infinity:112:15:119:Infinity":9,"s:105:8:119:Infinity":51,"s:106:28:106:Infinity":52,"s:107:10:111:Infinity":53,"b:108:19:108:38:108:38:108:Infinity":10,"b:109:21:109:42:109:42:109:Infinity":11,"b:110:18:110:36:110:36:110:Infinity":12,"s:113:10:113:Infinity":54,"s:114:10:118:Infinity":55,"s:123:27:130:Infinity":56,"f:123:27:123:28":14,"s:124:4:124:Infinity":57,"s:125:4:125:Infinity":58,"s:126:4:126:Infinity":59,"b:126:24:126:57:126:57:126:59":13,"s:127:4:127:Infinity":60,"s:128:4:128:Infinity":61,"s:129:4:129:Infinity":62,"s:132:33:136:Infinity":63,"f:132:33:132:39":15,"s:133:4:133:Infinity":64,"s:134:4:134:Infinity":65,"s:135:4:135:Infinity":66,"s:138:25:150:Infinity":67,"f:138:25:138:26":16,"b:139:4:139:Infinity:undefined:undefined:undefined:undefined":14,"s:139:4:139:Infinity":68,"s:139:66:139:Infinity":69,"s:140:4:149:Infinity":70,"f:141:12:141:18":17,"s:142:8:142:Infinity":71,"f:142:19:142:20":18,"s:142:29:142:60":72,"f:142:41:142:42":19,"s:142:48:142:59":73,"b:143:8:147:Infinity:undefined:undefined:undefined:undefined":15,"s:143:8:147:Infinity":74,"s:144:10:144:Infinity":75,"s:145:10:145:Infinity":76,"s:146:10:146:Infinity":77,"s:152:30:156:Infinity":78,"f:152:30:152:31":20,"b:153:4:153:Infinity:undefined:undefined:undefined:undefined":16,"s:153:4:153:Infinity":79,"s:153:28:153:Infinity":80,"b:154:4:154:Infinity:undefined:undefined:undefined:undefined":17,"s:154:4:154:Infinity":81,"s:154:27:154:Infinity":82,"s:155:4:155:Infinity":83,"s:158:20:158:Infinity":84,"s:160:24:164:Infinity":85,"f:160:24:160:25":21,"s:161:20:161:Infinity":86,"s:162:4:162:Infinity":87,"s:163:4:163:Infinity":88,"s:166:2:403:Infinity":89,"b:170:7:170:Infinity:171:8:212:Infinity":18,"b:176:72:176:84:176:84:176:Infinity":19,"b:177:76:177:88:177:88:177:97":20,"b:178:62:178:74:178:74:178:Infinity":21,"b:187:58:187:Infinity:188:15:189:Infinity":22,"b:188:52:188:Infinity:189:15:189:Infinity":23,"f:197:23:197:29":22,"s:197:29:197:Infinity":90,"b:199:76:199:88:199:88:199:Infinity":24,"f:221:42:221:43":23,"s:221:49:221:74":91,"f:225:56:225:57":24,"s:225:63:225:89":92,"f:232:26:232:27":25,"s:233:12:246:Infinity":93,"b:239:35:239:46:239:46:239:Infinity":25,"f:243:57:243:63":26,"s:243:63:243:79":94,"f:253:53:253:59":27,"s:253:59:253:78":95,"f:257:53:257:59":28,"s:257:59:257:77":96,"b:262:11:262:34:262:34:262:Infinity:263:12:289:Infinity":26,"f:279:28:279:29":29,"s:279:35:279:Infinity":97,"f:282:34:282:35":30,"s:283:20:285:Infinity":98,"f:295:24:295:25":31,"s:295:31:295:Infinity":99,"f:298:30:298:31":32,"s:299:16:301:Infinity":100,"b:306:49:306:67:306:67:306:181":27,"b:306:94:306:100:306:100:306:181":28,"b:306:127:306:133:306:133:306:181":29,"b:306:160:306:166:306:166:306:181":30,"f:311:24:311:25":33,"s:311:31:311:Infinity":101,"b:317:33:317:51:317:51:317:Infinity":31,"b:319:13:319:Infinity:320:14:322:Infinity":32,"b:328:12:330:Infinity:332:12:399:Infinity":33,"f:332:24:332:25":34,"s:333:14:398:Infinity":102,"b:338:58:338:70:338:70:338:Infinity":34,"b:340:62:340:74:340:74:340:83":35,"f:348:31:348:37":35,"s:348:37:348:Infinity":103,"f:355:31:355:37":36,"s:355:37:355:Infinity":104,"b:393:58:393:70:393:70:393:81":36,"b:394:40:394:56:394:56:394:Infinity":37}}}
,"/Users/ai/Documents/sourceCode/expenseManager/frontend/src/services/api.ts": {"path":"/Users/ai/Documents/sourceCode/expenseManager/frontend/src/services/api.ts","statementMap":{"0":{"start":{"line":3,"column":15},"end":{"line":5,"column":null}},"1":{"start":{"line":8,"column":0},"end":{"line":14,"column":null}},"2":{"start":{"line":9,"column":16},"end":{"line":9,"column":null}},"3":{"start":{"line":10,"column":2},"end":{"line":12,"column":null}},"4":{"start":{"line":11,"column":4},"end":{"line":11,"column":null}},"5":{"start":{"line":13,"column":2},"end":{"line":13,"column":null}},"6":{"start":{"line":17,"column":14},"end":{"line":17,"column":null}},"7":{"start":{"line":18,"column":2},"end":{"line":18,"column":null}},"8":{"start":{"line":29,"column":14},"end":{"line":29,"column":null}},"9":{"start":{"line":30,"column":2},"end":{"line":30,"column":null}},"10":{"start":{"line":41,"column":14},"end":{"line":41,"column":null}},"11":{"start":{"line":42,"column":2},"end":{"line":42,"column":null}},"12":{"start":{"line":46,"column":2},"end":{"line":46,"column":null}},"13":{"start":{"line":50,"column":14},"end":{"line":50,"column":null}},"14":{"start":{"line":51,"column":2},"end":{"line":51,"column":null}},"15":{"start":{"line":55,"column":14},"end":{"line":55,"column":null}},"16":{"start":{"line":56,"column":2},"end":{"line":56,"column":null}},"17":{"start":{"line":60,"column":14},"end":{"line":60,"column":null}},"18":{"start":{"line":61,"column":2},"end":{"line":61,"column":null}},"19":{"start":{"line":65,"column":2},"end":{"line":65,"column":null}},"20":{"start":{"line":69,"column":14},"end":{"line":69,"column":null}},"21":{"start":{"line":70,"column":2},"end":{"line":70,"column":null}},"22":{"start":{"line":86,"column":14},"end":{"line":86,"column":null}},"23":{"start":{"line":87,"column":2},"end":{"line":87,"column":null}},"24":{"start":{"line":97,"column":14},"end":{"line":97,"column":null}},"25":{"start":{"line":98,"column":2},"end":{"line":98,"column":null}},"26":{"start":{"line":108,"column":14},"end":{"line":108,"column":null}},"27":{"start":{"line":109,"column":2},"end":{"line":109,"column":null}},"28":{"start":{"line":113,"column":2},"end":{"line":113,"column":null}},"29":{"start":{"line":129,"column":14},"end":{"line":129,"column":null}},"30":{"start":{"line":130,"column":2},"end":{"line":130,"column":null}},"31":{"start":{"line":137,"column":14},"end":{"line":137,"column":null}},"32":{"start":{"line":138,"column":2},"end":{"line":138,"column":null}},"33":{"start":{"line":142,"column":2},"end":{"line":142,"column":null}}},"fnMap":{"0":{"name":"(anonymous_0)","decl":{"start":{"line":8,"column":32},"end":{"line":8,"column":33}},"loc":{"start":{"line":8,"column":44},"end":{"line":14,"column":1}},"line":8},"1":{"name":"getExpenses","decl":{"start":{"line":16,"column":22},"end":{"line":16,"column":34}},"loc":{"start":{"line":16,"column":106},"end":{"line":19,"column":null}},"line":16},"2":{"name":"createExpense","decl":{"start":{"line":21,"column":22},"end":{"line":21,"column":36}},"loc":{"start":{"line":28,"column":3},"end":{"line":31,"column":null}},"line":28},"3":{"name":"updateExpense","decl":{"start":{"line":33,"column":22},"end":{"line":33,"column":36}},"loc":{"start":{"line":40,"column":3},"end":{"line":43,"column":null}},"line":40},"4":{"name":"deleteExpense","decl":{"start":{"line":45,"column":22},"end":{"line":45,"column":36}},"loc":{"start":{"line":45,"column":48},"end":{"line":47,"column":null}},"line":45},"5":{"name":"getExpenseSummary","decl":{"start":{"line":49,"column":22},"end":{"line":49,"column":40}},"loc":{"start":{"line":49,"column":91},"end":{"line":52,"column":null}},"line":49},"6":{"name":"getCategories","decl":{"start":{"line":54,"column":22},"end":{"line":54,"column":38}},"loc":{"start":{"line":54,"column":38},"end":{"line":57,"column":null}},"line":54},"7":{"name":"createCategory","decl":{"start":{"line":59,"column":22},"end":{"line":59,"column":37}},"loc":{"start":{"line":59,"column":80},"end":{"line":62,"column":null}},"line":59},"8":{"name":"deleteCategory","decl":{"start":{"line":64,"column":22},"end":{"line":64,"column":37}},"loc":{"start":{"line":64,"column":49},"end":{"line":66,"column":null}},"line":64},"9":{"name":"getMonthlySummary","decl":{"start":{"line":68,"column":22},"end":{"line":68,"column":40}},"loc":{"start":{"line":68,"column":54},"end":{"line":71,"column":null}},"line":68},"10":{"name":"getBudgets","decl":{"start":{"line":85,"column":22},"end":{"line":85,"column":33}},"loc":{"start":{"line":85,"column":62},"end":{"line":88,"column":null}},"line":85},"11":{"name":"createBudget","decl":{"start":{"line":90,"column":22},"end":{"line":90,"column":35}},"loc":{"start":{"line":96,"column":3},"end":{"line":99,"column":null}},"line":96},"12":{"name":"updateBudget","decl":{"start":{"line":101,"column":22},"end":{"line":101,"column":35}},"loc":{"start":{"line":107,"column":3},"end":{"line":110,"column":null}},"line":107},"13":{"name":"deleteBudget","decl":{"start":{"line":112,"column":22},"end":{"line":112,"column":35}},"loc":{"start":{"line":112,"column":47},"end":{"line":114,"column":null}},"line":112},"14":{"name":"register","decl":{"start":{"line":124,"column":22},"end":{"line":124,"column":31}},"loc":{"start":{"line":128,"column":3},"end":{"line":131,"column":null}},"line":128},"15":{"name":"login","decl":{"start":{"line":133,"column":22},"end":{"line":133,"column":28}},"loc":{"start":{"line":136,"column":3},"end":{"line":139,"column":null}},"line":136},"16":{"name":"updateBaseCurrency","decl":{"start":{"line":141,"column":22},"end":{"line":141,"column":41}},"loc":{"start":{"line":141,"column":63},"end":{"line":143,"column":null}},"line":141}},"branchMap":{"0":{"loc":{"start":{"line":10,"column":2},"end":{"line":12,"column":null}},"type":"if","locations":[{"start":{"line":10,"column":2},"end":{"line":12,"column":null}},{"start":{},"end":{}}],"line":10}},"s":{"0":3,"1":3,"2":0,"3":0,"4":0,"5":0,"6":3,"7":3,"8":2,"9":2,"10":1,"11":1,"12":1,"13":2,"14":2,"15":1,"16":1,"17":2,"18":2,"19":1,"20":1,"21":1,"22":1,"23":1,"24":2,"25":2,"26":1,"27":1,"28":1,"29":1,"30":1,"31":1,"32":1,"33":1},"f":{"0":0,"1":3,"2":2,"3":1,"4":1,"5":2,"6":1,"7":2,"8":1,"9":1,"10":1,"11":2,"12":1,"13":1,"14":1,"15":1,"16":1},"b":{"0":[0,0]},"meta":{"lastBranch":1,"lastFunction":17,"lastStatement":34,"seen":{"s:3:15:5:Infinity":0,"s:8:0:14:Infinity":1,"f:8:32:8:33":0,"s:9:16:9:Infinity":2,"b:10:2:12:Infinity:undefined:undefined:undefined:undefined":0,"s:10:2:12:Infinity":3,"s:11:4:11:Infinity":4,"s:13:2:13:Infinity":5,"f:16:22:16:34":1,"s:17:14:17:Infinity":6,"s:18:2:18:Infinity":7,"f:21:22:21:36":2,"s:29:14:29:Infinity":8,"s:30:2:30:Infinity":9,"f:33:22:33:36":3,"s:41:14:41:Infinity":10,"s:42:2:42:Infinity":11,"f:45:22:45:36":4,"s:46:2:46:Infinity":12,"f:49:22:49:40":5,"s:50:14:50:Infinity":13,"s:51:2:51:Infinity":14,"f:54:22:54:38":6,"s:55:14:55:Infinity":15,"s:56:2:56:Infinity":16,"f:59:22:59:37":7,"s:60:14:60:Infinity":17,"s:61:2:61:Infinity":18,"f:64:22:64:37":8,"s:65:2:65:Infinity":19,"f:68:22:68:40":9,"s:69:14:69:Infinity":20,"s:70:2:70:Infinity":21,"f:85:22:85:33":10,"s:86:14:86:Infinity":22,"s:87:2:87:Infinity":23,"f:90:22:90:35":11,"s:97:14:97:Infinity":24,"s:98:2:98:Infinity":25,"f:101:22:101:35":12,"s:108:14:108:Infinity":26,"s:109:2:109:Infinity":27,"f:112:22:112:35":13,"s:113:2:113:Infinity":28,"f:124:22:124:31":14,"s:129:14:129:Infinity":29,"s:130:2:130:Infinity":30,"f:133:22:133:28":15,"s:137:14:137:Infinity":31,"s:138:2:138:Infinity":32,"f:141:22:141:41":16,"s:142:2:142:Infinity":33}}}
}
